20:01:46.484 [TestNG-PoolService-3] INFO  stepdefinitions.TC1_RegisterSteps - clicks on login button
20:01:46.492 [TestNG-PoolService-2] INFO  stepdefinitions.TC1_RegisterSteps - clicks on login button
20:01:48.326 [TestNG-PoolService-1] INFO  stepdefinitions.TC1_RegisterSteps - User hovers over second product and adds it to cart
20:01:49.494 [TestNG-PoolService-4] INFO  stepdefinitions.TC1_RegisterSteps - Selecting newsletter and offers checkboxes
20:01:50.378 [TestNG-PoolService-4] INFO  stepdefinitions.TC1_RegisterSteps - Filling address details
20:01:51.443 [TestNG-PoolService-2] INFO  stepdefinitions.TC1_RegisterSteps - verifying error message is displayed or not
20:01:52.225 [TestNG-PoolService-3] INFO  stepdefinitions.TC1_RegisterSteps - Verifying user is logged in
20:01:52.491 [TestNG-PoolService-5] INFO  stepdefinitions.TC5_RemoveFromCartSteps - User clicks Cart button
20:01:52.544 [TestNG-PoolService-1] INFO  stepdefinitions.TC1_RegisterSteps - User clicks View Cart button
20:01:53.212 [TestNG-PoolService-4] INFO  stepdefinitions.TC1_RegisterSteps - Clicking Create Account button
20:01:57.246 [TestNG-PoolService-5] INFO  stepdefinitions.TC5_RemoveFromCartSteps - Verifying cart page is displayed
20:01:57.355 [TestNG-PoolService-5] INFO  stepdefinitions.TC5_RemoveFromCartSteps - User clicks delete (X) button of product
20:01:58.696 [TestNG-PoolService-5] INFO  stepdefinitions.TC5_RemoveFromCartSteps - Verifying product is removed from cart
20:01:58.742 [TestNG-PoolService-1] INFO  stepdefinitions.TC1_RegisterSteps - Verifying both products are visible in the cart
20:01:59.306 [TestNG-PoolService-1] INFO  stepdefinitions.TC1_RegisterSteps - Verifying prices, quantity and total price of products
20:01:59.311 [TestNG-PoolService-4] INFO  stepdefinitions.TC1_RegisterSteps - Verifying Account Created message
20:01:59.387 [TestNG-PoolService-4] INFO  stepdefinitions.TC1_RegisterSteps - Clicking Continue button
20:02:04.678 [TestNG-PoolService-4] INFO  stepdefinitions.TC1_RegisterSteps - Verifying user is logged in
20:02:04.752 [TestNG-PoolService-4] INFO  stepdefinitions.TC1_RegisterSteps - Clicking Delete Account button
20:02:08.643 [TestNG-PoolService-4] INFO  stepdefinitions.TC1_RegisterSteps - Verifying Account Deleted message
20:02:08.738 [TestNG-PoolService-4] INFO  stepdefinitions.TC1_RegisterSteps - Clicking Continue after deletion
20:13:51.961 [TestNG-PoolService-4] INFO  stepdefinitions.TC1_RegisterSteps - Launching browser
20:13:51.961 [TestNG-PoolService-2] INFO  stepdefinitions.TC1_RegisterSteps - Launching browser
20:13:51.961 [TestNG-PoolService-1] INFO  stepdefinitions.TC1_RegisterSteps - Launching browser
20:13:51.961 [TestNG-PoolService-5] INFO  stepdefinitions.TC1_RegisterSteps - Launching browser
20:13:51.961 [TestNG-PoolService-3] INFO  stepdefinitions.TC1_RegisterSteps - Launching browser
20:13:51.991 [TestNG-PoolService-2] INFO  stepdefinitions.TC1_RegisterSteps - Navigating to URL: https://automationexercise.com
20:13:51.991 [TestNG-PoolService-1] INFO  stepdefinitions.TC1_RegisterSteps - Navigating to URL: https://automationexercise.com
20:13:51.991 [TestNG-PoolService-5] INFO  stepdefinitions.TC1_RegisterSteps - Navigating to URL: https://automationexercise.com
20:13:51.991 [TestNG-PoolService-3] INFO  stepdefinitions.TC1_RegisterSteps - Navigating to URL: https://automationexercise.com
20:13:51.991 [TestNG-PoolService-4] INFO  stepdefinitions.TC1_RegisterSteps - Navigating to URL: https://automationexercise.com
20:13:53.067 [TestNG-PoolService-5] INFO  stepdefinitions.TC1_RegisterSteps - Verifying home page is visible
20:13:53.077 [TestNG-PoolService-3] INFO  stepdefinitions.TC1_RegisterSteps - Verifying home page is visible
20:13:53.144 [TestNG-PoolService-1] INFO  stepdefinitions.TC1_RegisterSteps - Verifying home page is visible
20:13:53.227 [TestNG-PoolService-2] INFO  stepdefinitions.TC1_RegisterSteps - Verifying home page is visible
20:13:57.735 [TestNG-PoolService-5] INFO  stepdefinitions.TC5_RemoveFromCartSteps - User adds products to cart
20:13:57.749 [TestNG-PoolService-3] INFO  stepdefinitions.TC1_RegisterSteps - Clicking Signup/Login button
20:13:57.814 [TestNG-PoolService-4] INFO  stepdefinitions.TC1_RegisterSteps - Verifying home page is visible
20:13:57.962 [TestNG-PoolService-2] INFO  stepdefinitions.TC1_RegisterSteps - Clicking Signup/Login button
20:13:58.049 [TestNG-PoolService-1] INFO  stepdefinitions.TC1_RegisterSteps - User clicks on Products button
20:13:58.173 [TestNG-PoolService-4] INFO  stepdefinitions.TC1_RegisterSteps - Clicking Signup/Login button
20:14:03.867 [TestNG-PoolService-3] INFO  stepdefinitions.TC1_RegisterSteps - verifing login to your account test is visible
20:14:04.522 [TestNG-PoolService-4] INFO  stepdefinitions.TC1_RegisterSteps - Verifying New User Signup text
20:14:04.576 [TestNG-PoolService-2] INFO  stepdefinitions.TC1_RegisterSteps - verifing login to your account test is visible
20:14:04.730 [TestNG-PoolService-4] INFO  stepdefinitions.TC1_RegisterSteps - Entering name and email
