19:35:55.063 [TestNG-PoolService-1] INFO  stepdefinitions.TC1_RegisterSteps - Verifying prices, quantity and total price of products
19:35:55.442 [TestNG-PoolService-5] INFO  stepdefinitions.TC5_RemoveFromCartSteps - Verifying product is removed from cart
19:35:58.718 [TestNG-PoolService-4] INFO  stepdefinitions.TC1_RegisterSteps - Verifying Account Created message
19:35:58.787 [TestNG-PoolService-4] INFO  stepdefinitions.TC1_RegisterSteps - Clicking Continue button
19:36:01.654 [TestNG-PoolService-4] INFO  stepdefinitions.TC1_RegisterSteps - Verifying user is logged in
19:36:01.724 [TestNG-PoolService-4] INFO  stepdefinitions.TC1_RegisterSteps - Clicking Delete Account button
19:36:04.406 [TestNG-PoolService-4] INFO  stepdefinitions.TC1_RegisterSteps - Verifying Account Deleted message
19:36:04.472 [TestNG-PoolService-4] INFO  stepdefinitions.TC1_RegisterSteps - Clicking Continue after deletion
19:38:26.631 [TestNG-PoolService-1] INFO  stepdefinitions.TC1_RegisterSteps - Launching browser
19:38:26.631 [TestNG-PoolService-5] INFO  stepdefinitions.TC1_RegisterSteps - Launching browser
19:38:26.631 [TestNG-PoolService-3] INFO  stepdefinitions.TC1_RegisterSteps - Launching browser
19:38:26.631 [TestNG-PoolService-2] INFO  stepdefinitions.TC1_RegisterSteps - Launching browser
19:38:26.631 [TestNG-PoolService-4] INFO  stepdefinitions.TC1_RegisterSteps - Launching browser
19:38:26.656 [TestNG-PoolService-3] INFO  stepdefinitions.TC1_RegisterSteps - Navigating to URL: https://automationexercise.com
19:38:26.656 [TestNG-PoolService-5] INFO  stepdefinitions.TC1_RegisterSteps - Navigating to URL: https://automationexercise.com
19:38:26.657 [TestNG-PoolService-1] INFO  stepdefinitions.TC1_RegisterSteps - Navigating to URL: https://automationexercise.com
19:38:26.656 [TestNG-PoolService-2] INFO  stepdefinitions.TC1_RegisterSteps - Navigating to URL: https://automationexercise.com
19:38:26.656 [TestNG-PoolService-4] INFO  stepdefinitions.TC1_RegisterSteps - Navigating to URL: https://automationexercise.com
19:38:27.863 [TestNG-PoolService-5] INFO  stepdefinitions.TC1_RegisterSteps - Verifying home page is visible
19:38:27.863 [TestNG-PoolService-4] INFO  stepdefinitions.TC1_RegisterSteps - Verifying home page is visible
19:38:27.980 [TestNG-PoolService-2] INFO  stepdefinitions.TC1_RegisterSteps - Verifying home page is visible
19:38:28.127 [TestNG-PoolService-3] INFO  stepdefinitions.TC1_RegisterSteps - Verifying home page is visible
19:38:32.689 [TestNG-PoolService-2] INFO  stepdefinitions.TC1_RegisterSteps - Clicking Signup/Login button
19:38:32.980 [TestNG-PoolService-3] INFO  stepdefinitions.TC1_RegisterSteps - Clicking Signup/Login button
19:38:33.010 [TestNG-PoolService-5] INFO  stepdefinitions.TC5_RemoveFromCartSteps - User adds products to cart
19:38:33.078 [TestNG-PoolService-1] INFO  stepdefinitions.TC1_RegisterSteps - Verifying home page is visible
19:38:33.243 [TestNG-PoolService-4] INFO  stepdefinitions.TC1_RegisterSteps - Clicking Signup/Login button
19:38:33.399 [TestNG-PoolService-1] INFO  stepdefinitions.TC1_RegisterSteps - User clicks on Products button
19:38:36.892 [TestNG-PoolService-2] INFO  stepdefinitions.TC1_RegisterSteps - verifing login to your account test is visible
19:38:37.153 [TestNG-PoolService-2] INFO  stepdefinitions.TC1_RegisterSteps - entering incorrect eamil and password
19:38:37.269 [TestNG-PoolService-3] INFO  stepdefinitions.TC1_RegisterSteps - verifing login to your account test is visible
19:38:37.984 [TestNG-PoolService-3] INFO  stepdefinitions.TC1_RegisterSteps - entering eamil and password
19:38:38.028 [TestNG-PoolService-4] INFO  stepdefinitions.TC1_RegisterSteps - Verifying New User Signup text
19:38:41.556 [TestNG-PoolService-1] INFO  stepdefinitions.TC1_RegisterSteps - User hovers over first product and adds it to cart
19:38:42.610 [TestNG-PoolService-4] INFO  stepdefinitions.TC1_RegisterSteps - Entering name and email
19:38:43.307 [TestNG-PoolService-2] INFO  stepdefinitions.TC1_RegisterSteps - clicks on login button
19:38:43.698 [TestNG-PoolService-3] INFO  stepdefinitions.TC1_RegisterSteps - clicks on login button
19:38:43.977 [TestNG-PoolService-4] INFO  stepdefinitions.TC1_RegisterSteps - Clicking Signup button
19:38:46.170 [TestNG-PoolService-1] INFO  stepdefinitions.TC1_RegisterSteps - User clicks Continue Shopping button
19:38:47.257 [TestNG-PoolService-2] INFO  stepdefinitions.TC1_RegisterSteps - verifying error message is displayed or not
19:38:47.532 [TestNG-PoolService-4] INFO  stepdefinitions.TC1_RegisterSteps - Filling account information (title, password, DOB)
19:38:48.350 [TestNG-PoolService-1] INFO  stepdefinitions.TC1_RegisterSteps - User hovers over second product and adds it to cart
19:38:48.526 [TestNG-PoolService-3] INFO  stepdefinitions.TC1_RegisterSteps - Verifying user is logged in
19:38:50.429 [TestNG-PoolService-4] INFO  stepdefinitions.TC1_RegisterSteps - Selecting newsletter and offers checkboxes
19:38:50.793 [TestNG-PoolService-1] INFO  stepdefinitions.TC1_RegisterSteps - User clicks View Cart button
